# JRE version: Java(TM) SE Runtime Environment (17.0.1+12) (build 17.0.1+12-LTS-39)
# Java VM: Java HotSpot(TM) 64-Bit Server VM (17.0.1+12-LTS-39, mixed mode, sharing, tiered, compressed oops, compressed class ptrs, g1 gc, bsd-amd64)
Heap:
 garbage-first heap   total 264192K, used 98704K [0x00000007e0000000, 0x0000000800000000)
  region size 1024K, 85 young (87040K), 20 survivors (20480K)
 Metaspace       used 9909K, committed 10112K, reserved 1064960K
  class space    used 1099K, committed 1216K, reserved 1048576K
GC Heap History (6 events):
Event: 28.311 GC heap before
{Heap before GC invocations=0 (full 0):
 garbage-first heap   total 264192K, used 24532K [0x00000007e0000000, 0x0000000800000000)
  region size 1024K, 23 young (23552K), 0 survivors (0K)
 Metaspace       used 7777K, committed 7936K, reserved 1064960K
  class space    used 955K, committed 1024K, reserved 1048576K
}
Event: 28.317 GC heap after
{Heap after GC invocations=1 (full 0):
 garbage-first heap   total 264192K, used 6855K [0x00000007e0000000, 0x0000000800000000)
  region size 1024K, 3 young (3072K), 3 survivors (3072K)
 Metaspace       used 7777K, committed 7936K, reserved 1064960K
  class space    used 955K, committed 1024K, reserved 1048576K
}
Event: 30.989 GC heap before
{Heap before GC invocations=1 (full 0):
 garbage-first heap   total 264192K, used 42695K [0x00000007e0000000, 0x0000000800000000)
  region size 1024K, 38 young (38912K), 3 survivors (3072K)
 Metaspace       used 9123K, committed 9280K, reserved 1064960K
  class space    used 1063K, committed 1152K, reserved 1048576K
}
Event: 30.998 GC heap after
{Heap after GC invocations=2 (full 0):
 garbage-first heap   total 264192K, used 11132K [0x00000007e0000000, 0x0000000800000000)
  region size 1024K, 5 young (5120K), 5 survivors (5120K)
 Metaspace       used 9123K, committed 9280K, reserved 1064960K
  class space    used 1063K, committed 1152K, reserved 1048576K
}
Event: 66.660 GC heap before
{Heap before GC invocations=2 (full 0):
 garbage-first heap   total 264192K, used 162684K [0x00000007e0000000, 0x0000000800000000)
  region size 1024K, 153 young (156672K), 5 survivors (5120K)
 Metaspace       used 9845K, committed 10048K, reserved 1064960K
  class space    used 1098K, committed 1216K, reserved 1048576K
}
Event: 66.673 GC heap after
{Heap after GC invocations=3 (full 0):
 garbage-first heap   total 264192K, used 32144K [0x00000007e0000000, 0x0000000800000000)
  region size 1024K, 20 young (20480K), 20 survivors (20480K)
 Metaspace       used 9845K, committed 10048K, reserved 1064960K
  class space    used 1098K, committed 1216K, reserved 1048576K
}

